<?xml version="1.0" encoding="UTF-8"?>
<!-- Generated by org.testng.reporters.JUnitReportReporter -->
<testsuite hostname="DESKTOP-AMMUO7G" failures="0" tests="2" name="kite.Test_Class" time="0.024" errors="1" timestamp="2022-09-04T21:59:15 IST" skipped="1">
  <testcase classname="kite.Test_Class" name="verifyuserID" time="0.000">
    <skipped/>
  </testcase> <!-- verifyuserID -->
  <system-out/>
  <testcase classname="kite.Test_Class" name="openBrowser" time="0.024">
    <error type="java.lang.StackOverflowError">
      <![CDATA[java.lang.StackOverflowError
at kite.Test_Class.openBrowser(Test_Class.java:28)
at kite.Test_Class.openBrowser(Test_Class.java:28)
at kite.Test_Class.openBrowser(Test_Class.java:28)
at kite.Test_Class.openBrowser(Test_Class.java:28)
at kite.Test_Class.openBrowser(Test_Class.java:28)
at kite.Test_Class.openBrowser(Test_Class.java:28)
at kite.Test_Class.openBrowser(Test_Class.java:28)
at kite.Test_Class.openBrowser(Test_Class.java:28)
at kite.Test_Class.openBrowser(Test_Class.java:28)
at kite.Test_Class.openBrowser(Test_Class.java:28)
at kite.Test_Class.openBrowser(Test_Class.java:28)
at kite.Test_Class.openBrowser(Test_Class.java:28)
at kite.Test_Class.openBrowser(Test_Class.java:28)
at kite.Test_Class.openBrowser(Test_Class.java:28)
at kite.Test_Class.openBrowser(Test_Class.java:28)
at kite.Test_Class.openBrowser(Test_Class.java:28)
at kite.Test_Class.openBrowser(Test_Class.java:28)
at kite.Test_Class.openBrowser(Test_Class.java:28)
at kite.Test_Class.openBrowser(Test_Class.java:28)
at kite.Test_Class.openBrowser(Test_Class.java:28)
at kite.Test_Class.openBrowser(Test_Class.java:28)
at kite.Test_Class.openBrowser(Test_Class.java:28)
at kite.Test_Class.openBrowser(Test_Class.java:28)
at kite.Test_Class.openBrowser(Test_Class.java:28)
at kite.Test_Class.openBrowser(Test_Class.java:28)
at kite.Test_Class.openBrowser(Test_Class.java:28)
at kite.Test_Class.openBrowser(Test_Class.java:28)
at kite.Test_Class.openBrowser(Test_Class.java:28)
at kite.Test_Class.openBrowser(Test_Class.java:28)
at kite.Test_Class.openBrowser(Test_Class.java:28)
at kite.Test_Class.openBrowser(Test_Class.java:28)
at kite.Test_Class.openBrowser(Test_Class.java:28)
at kite.Test_Class.openBrowser(Test_Class.java:28)
at kite.Test_Class.openBrowser(Test_Class.java:28)
at kite.Test_Class.openBrowser(Test_Class.java:28)
at kite.Test_Class.openBrowser(Test_Class.java:28)
at kite.Test_Class.openBrowser(Test_Class.java:28)
at kite.Test_Class.openBrowser(Test_Class.java:28)
at kite.Test_Class.openBrowser(Test_Class.java:28)
at kite.Test_Class.openBrowser(Test_Class.java:28)
at kite.Test_Class.openBrowser(Test_Class.java:28)
at kite.Test_Class.openBrowser(Test_Class.java:28)
at kite.Test_Class.openBrowser(Test_Class.java:28)
at kite.Test_Class.openBrowser(Test_Class.java:28)
at kite.Test_Class.openBrowser(Test_Class.java:28)
at kite.Test_Class.openBrowser(Test_Class.java:28)
at kite.Test_Class.openBrowser(Test_Class.java:28)
at kite.Test_Class.openBrowser(Test_Class.java:28)
at kite.Test_Class.openBrowser(Test_Class.java:28)
at kite.Test_Class.openBrowser(Test_Class.java:28)
at kite.Test_Class.openBrowser(Test_Class.java:28)
at kite.Test_Class.openBrowser(Test_Class.java:28)
at kite.Test_Class.openBrowser(Test_Class.java:28)
at kite.Test_Class.openBrowser(Test_Class.java:28)
at kite.Test_Class.openBrowser(Test_Class.java:28)
at kite.Test_Class.openBrowser(Test_Class.java:28)
at kite.Test_Class.openBrowser(Test_Class.java:28)
at kite.Test_Class.openBrowser(Test_Class.java:28)
at kite.Test_Class.openBrowser(Test_Class.java:28)
at kite.Test_Class.openBrowser(Test_Class.java:28)
at kite.Test_Class.openBrowser(Test_Class.java:28)
at kite.Test_Class.openBrowser(Test_Class.java:28)
at kite.Test_Class.openBrowser(Test_Class.java:28)
at kite.Test_Class.openBrowser(Test_Class.java:28)
at kite.Test_Class.openBrowser(Test_Class.java:28)
at kite.Test_Class.openBrowser(Test_Class.java:28)
at kite.Test_Class.openBrowser(Test_Class.java:28)
at kite.Test_Class.openBrowser(Test_Class.java:28)
at kite.Test_Class.openBrowser(Test_Class.java:28)
at kite.Test_Class.openBrowser(Test_Class.java:28)
at kite.Test_Class.openBrowser(Test_Class.java:28)
at kite.Test_Class.openBrowser(Test_Class.java:28)
at kite.Test_Class.openBrowser(Test_Class.java:28)
at kite.Test_Class.openBrowser(Test_Class.java:28)
at kite.Test_Class.openBrowser(Test_Class.java:28)
at kite.Test_Class.openBrowser(Test_Class.java:28)
at kite.Test_Class.openBrowser(Test_Class.java:28)
at kite.Test_Class.openBrowser(Test_Class.java:28)
at kite.Test_Class.openBrowser(Test_Class.java:28)
at kite.Test_Class.openBrowser(Test_Class.java:28)
at kite.Test_Class.openBrowser(Test_Class.java:28)
at kite.Test_Class.openBrowser(Test_Class.java:28)
at kite.Test_Class.openBrowser(Test_Class.java:28)
at kite.Test_Class.openBrowser(Test_Class.java:28)
at kite.Test_Class.openBrowser(Test_Class.java:28)
at kite.Test_Class.openBrowser(Test_Class.java:28)
at kite.Test_Class.openBrowser(Test_Class.java:28)
at kite.Test_Class.openBrowser(Test_Class.java:28)
at kite.Test_Class.openBrowser(Test_Class.java:28)
at kite.Test_Class.openBrowser(Test_Class.java:28)
at kite.Test_Class.openBrowser(Test_Class.java:28)
at kite.Test_Class.openBrowser(Test_Class.java:28)
at kite.Test_Class.openBrowser(Test_Class.java:28)
at kite.Test_Class.openBrowser(Test_Class.java:28)
at kite.Test_Class.openBrowser(Test_Class.java:28)
at kite.Test_Class.openBrowser(Test_Class.java:28)
at kite.Test_Class.openBrowser(Test_Class.java:28)
at kite.Test_Class.openBrowser(Test_Class.java:28)
at kite.Test_Class.openBrowser(Test_Class.java:28)
at kite.Test_Class.openBrowser(Test_Class.java:28)
at kite.Test_Class.openBrowser(Test_Class.java:28)
at kite.Test_Class.openBrowser(Test_Class.java:28)
at kite.Test_Class.openBrowser(Test_Class.java:28)
at kite.Test_Class.openBrowser(Test_Class.java:28)
at kite.Test_Class.openBrowser(Test_Class.java:28)
at kite.Test_Class.openBrowser(Test_Class.java:28)
at kite.Test_Class.openBrowser(Test_Class.java:28)
at kite.Test_Class.openBrowser(Test_Class.java:28)
at kite.Test_Class.openBrowser(Test_Class.java:28)
at kite.Test_Class.openBrowser(Test_Class.java:28)
at kite.Test_Class.openBrowser(Test_Class.java:28)
at kite.Test_Class.openBrowser(Test_Class.java:28)
at kite.Test_Class.openBrowser(Test_Class.java:28)
at kite.Test_Class.openBrowser(Test_Class.java:28)
at kite.Test_Class.openBrowser(Test_Class.java:28)
at kite.Test_Class.openBrowser(Test_Class.java:28)
at kite.Test_Class.openBrowser(Test_Class.java:28)
at kite.Test_Class.openBrowser(Test_Class.java:28)
at kite.Test_Class.openBrowser(Test_Class.java:28)
at kite.Test_Class.openBrowser(Test_Class.java:28)
at kite.Test_Class.openBrowser(Test_Class.java:28)
at kite.Test_Class.openBrowser(Test_Class.java:28)
at kite.Test_Class.openBrowser(Test_Class.java:28)
at kite.Test_Class.openBrowser(Test_Class.java:28)
at kite.Test_Class.openBrowser(Test_Class.java:28)
at kite.Test_Class.openBrowser(Test_Class.java:28)
at kite.Test_Class.openBrowser(Test_Class.java:28)
at kite.Test_Class.openBrowser(Test_Class.java:28)
at kite.Test_Class.openBrowser(Test_Class.java:28)
at kite.Test_Class.openBrowser(Test_Class.java:28)
at kite.Test_Class.openBrowser(Test_Class.java:28)
at kite.Test_Class.openBrowser(Test_Class.java:28)
at kite.Test_Class.openBrowser(Test_Class.java:28)
at kite.Test_Class.openBrowser(Test_Class.java:28)
at kite.Test_Class.openBrowser(Test_Class.java:28)
at kite.Test_Class.openBrowser(Test_Class.java:28)
at kite.Test_Class.openBrowser(Test_Class.java:28)
at kite.Test_Class.openBrowser(Test_Class.java:28)
at kite.Test_Class.openBrowser(Test_Class.java:28)
at kite.Test_Class.openBrowser(Test_Class.java:28)
at kite.Test_Class.openBrowser(Test_Class.java:28)
at kite.Test_Class.openBrowser(Test_Class.java:28)
at kite.Test_Class.openBrowser(Test_Class.java:28)
at kite.Test_Class.openBrowser(Test_Class.java:28)
at kite.Test_Class.openBrowser(Test_Class.java:28)
at kite.Test_Class.openBrowser(Test_Class.java:28)
at kite.Test_Class.openBrowser(Test_Class.java:28)
at kite.Test_Class.openBrowser(Test_Class.java:28)
at kite.Test_Class.openBrowser(Test_Class.java:28)
at kite.Test_Class.openBrowser(Test_Class.java:28)
at kite.Test_Class.openBrowser(Test_Class.java:28)
at kite.Test_Class.openBrowser(Test_Class.java:28)
at kite.Test_Class.openBrowser(Test_Class.java:28)
at kite.Test_Class.openBrowser(Test_Class.java:28)
at kite.Test_Class.openBrowser(Test_Class.java:28)
at kite.Test_Class.openBrowser(Test_Class.java:28)
at kite.Test_Class.openBrowser(Test_Class.java:28)
at kite.Test_Class.openBrowser(Test_Class.java:28)
at kite.Test_Class.openBrowser(Test_Class.java:28)
at kite.Test_Class.openBrowser(Test_Class.java:28)
at kite.Test_Class.openBrowser(Test_Class.java:28)
at kite.Test_Class.openBrowser(Test_Class.java:28)
at kite.Test_Class.openBrowser(Test_Class.java:28)
at kite.Test_Class.openBrowser(Test_Class.java:28)
at kite.Test_Class.openBrowser(Test_Class.java:28)
at kite.Test_Class.openBrowser(Test_Class.java:28)
at kite.Test_Class.openBrowser(Test_Class.java:28)
at kite.Test_Class.openBrowser(Test_Class.java:28)
at kite.Test_Class.openBrowser(Test_Class.java:28)
at kite.Test_Class.openBrowser(Test_Class.java:28)
at kite.Test_Class.openBrowser(Test_Class.java:28)
at kite.Test_Class.openBrowser(Test_Class.java:28)
at kite.Test_Class.openBrowser(Test_Class.java:28)
at kite.Test_Class.openBrowser(Test_Class.java:28)
at kite.Test_Class.openBrowser(Test_Class.java:28)
at kite.Test_Class.openBrowser(Test_Class.java:28)
at kite.Test_Class.openBrowser(Test_Class.java:28)
at kite.Test_Class.openBrowser(Test_Class.java:28)
at kite.Test_Class.openBrowser(Test_Class.java:28)
at kite.Test_Class.openBrowser(Test_Class.java:28)
at kite.Test_Class.openBrowser(Test_Class.java:28)
at kite.Test_Class.openBrowser(Test_Class.java:28)
at kite.Test_Class.openBrowser(Test_Class.java:28)
at kite.Test_Class.openBrowser(Test_Class.java:28)
at kite.Test_Class.openBrowser(Test_Class.java:28)
at kite.Test_Class.openBrowser(Test_Class.java:28)
at kite.Test_Class.openBrowser(Test_Class.java:28)
at kite.Test_Class.openBrowser(Test_Class.java:28)
at kite.Test_Class.openBrowser(Test_Class.java:28)
at kite.Test_Class.openBrowser(Test_Class.java:28)
at kite.Test_Class.openBrowser(Test_Class.java:28)
at kite.Test_Class.openBrowser(Test_Class.java:28)
at kite.Test_Class.openBrowser(Test_Class.java:28)
at kite.Test_Class.openBrowser(Test_Class.java:28)
at kite.Test_Class.openBrowser(Test_Class.java:28)
at kite.Test_Class.openBrowser(Test_Class.java:28)
at kite.Test_Class.openBrowser(Test_Class.java:28)
at kite.Test_Class.openBrowser(Test_Class.java:28)
at kite.Test_Class.openBrowser(Test_Class.java:28)
at kite.Test_Class.openBrowser(Test_Class.java:28)
at kite.Test_Class.openBrowser(Test_Class.java:28)
at kite.Test_Class.openBrowser(Test_Class.java:28)
at kite.Test_Class.openBrowser(Test_Class.java:28)
at kite.Test_Class.openBrowser(Test_Class.java:28)
at kite.Test_Class.openBrowser(Test_Class.java:28)
at kite.Test_Class.openBrowser(Test_Class.java:28)
at kite.Test_Class.openBrowser(Test_Class.java:28)
at kite.Test_Class.openBrowser(Test_Class.java:28)
at kite.Test_Class.openBrowser(Test_Class.java:28)
at kite.Test_Class.openBrowser(Test_Class.java:28)
at kite.Test_Class.openBrowser(Test_Class.java:28)
at kite.Test_Class.openBrowser(Test_Class.java:28)
at kite.Test_Class.openBrowser(Test_Class.java:28)
at kite.Test_Class.openBrowser(Test_Class.java:28)
at kite.Test_Class.openBrowser(Test_Class.java:28)
at kite.Test_Class.openBrowser(Test_Class.java:28)
at kite.Test_Class.openBrowser(Test_Class.java:28)
at kite.Test_Class.openBrowser(Test_Class.java:28)
at kite.Test_Class.openBrowser(Test_Class.java:28)
at kite.Test_Class.openBrowser(Test_Class.java:28)
at kite.Test_Class.openBrowser(Test_Class.java:28)
at kite.Test_Class.openBrowser(Test_Class.java:28)
at kite.Test_Class.openBrowser(Test_Class.java:28)
at kite.Test_Class.openBrowser(Test_Class.java:28)
at kite.Test_Class.openBrowser(Test_Class.java:28)
at kite.Test_Class.openBrowser(Test_Class.java:28)
at kite.Test_Class.openBrowser(Test_Class.java:28)
at kite.Test_Class.openBrowser(Test_Class.java:28)
at kite.Test_Class.openBrowser(Test_Class.java:28)
at kite.Test_Class.openBrowser(Test_Class.java:28)
at kite.Test_Class.openBrowser(Test_Class.java:28)
at kite.Test_Class.openBrowser(Test_Class.java:28)
at kite.Test_Class.openBrowser(Test_Class.java:28)
at kite.Test_Class.openBrowser(Test_Class.java:28)
at kite.Test_Class.openBrowser(Test_Class.java:28)
at kite.Test_Class.openBrowser(Test_Class.java:28)
at kite.Test_Class.openBrowser(Test_Class.java:28)
at kite.Test_Class.openBrowser(Test_Class.java:28)
at kite.Test_Class.openBrowser(Test_Class.java:28)
at kite.Test_Class.openBrowser(Test_Class.java:28)
at kite.Test_Class.openBrowser(Test_Class.java:28)
at kite.Test_Class.openBrowser(Test_Class.java:28)
at kite.Test_Class.openBrowser(Test_Class.java:28)
at kite.Test_Class.openBrowser(Test_Class.java:28)
at kite.Test_Class.openBrowser(Test_Class.java:28)
at kite.Test_Class.openBrowser(Test_Class.java:28)
at kite.Test_Class.openBrowser(Test_Class.java:28)
at kite.Test_Class.openBrowser(Test_Class.java:28)
at kite.Test_Class.openBrowser(Test_Class.java:28)
at kite.Test_Class.openBrowser(Test_Class.java:28)
at kite.Test_Class.openBrowser(Test_Class.java:28)
at kite.Test_Class.openBrowser(Test_Class.java:28)
at kite.Test_Class.openBrowser(Test_Class.java:28)
at kite.Test_Class.openBrowser(Test_Class.java:28)
at kite.Test_Class.openBrowser(Test_Class.java:28)
at kite.Test_Class.openBrowser(Test_Class.java:28)
at kite.Test_Class.openBrowser(Test_Class.java:28)
at kite.Test_Class.openBrowser(Test_Class.java:28)
at kite.Test_Class.openBrowser(Test_Class.java:28)
at kite.Test_Class.openBrowser(Test_Class.java:28)
at kite.Test_Class.openBrowser(Test_Class.java:28)
at kite.Test_Class.openBrowser(Test_Class.java:28)
at kite.Test_Class.openBrowser(Test_Class.java:28)
at kite.Test_Class.openBrowser(Test_Class.java:28)
at kite.Test_Class.openBrowser(Test_Class.java:28)
at kite.Test_Class.openBrowser(Test_Class.java:28)
at kite.Test_Class.openBrowser(Test_Class.java:28)
at kite.Test_Class.openBrowser(Test_Class.java:28)
at kite.Test_Class.openBrowser(Test_Class.java:28)
at kite.Test_Class.openBrowser(Test_Class.java:28)
at kite.Test_Class.openBrowser(Test_Class.java:28)
at kite.Test_Class.openBrowser(Test_Class.java:28)
at kite.Test_Class.openBrowser(Test_Class.java:28)
at kite.Test_Class.openBrowser(Test_Class.java:28)
at kite.Test_Class.openBrowser(Test_Class.java:28)
at kite.Test_Class.openBrowser(Test_Class.java:28)
at kite.Test_Class.openBrowser(Test_Class.java:28)
at kite.Test_Class.openBrowser(Test_Class.java:28)
at kite.Test_Class.openBrowser(Test_Class.java:28)
at kite.Test_Class.openBrowser(Test_Class.java:28)
at kite.Test_Class.openBrowser(Test_Class.java:28)
at kite.Test_Class.openBrowser(Test_Class.java:28)
at kite.Test_Class.openBrowser(Test_Class.java:28)
at kite.Test_Class.openBrowser(Test_Class.java:28)
at kite.Test_Class.openBrowser(Test_Class.java:28)
at kite.Test_Class.openBrowser(Test_Class.java:28)
at kite.Test_Class.openBrowser(Test_Class.java:28)
at kite.Test_Class.openBrowser(Test_Class.java:28)
at kite.Test_Class.openBrowser(Test_Class.java:28)
at kite.Test_Class.openBrowser(Test_Class.java:28)
at kite.Test_Class.openBrowser(Test_Class.java:28)
at kite.Test_Class.openBrowser(Test_Class.java:28)
at kite.Test_Class.openBrowser(Test_Class.java:28)
at kite.Test_Class.openBrowser(Test_Class.java:28)
at kite.Test_Class.openBrowser(Test_Class.java:28)
at kite.Test_Class.openBrowser(Test_Class.java:28)
at kite.Test_Class.openBrowser(Test_Class.java:28)
at kite.Test_Class.openBrowser(Test_Class.java:28)
at kite.Test_Class.openBrowser(Test_Class.java:28)
at kite.Test_Class.openBrowser(Test_Class.java:28)
at kite.Test_Class.openBrowser(Test_Class.java:28)
at kite.Test_Class.openBrowser(Test_Class.java:28)
at kite.Test_Class.openBrowser(Test_Class.java:28)
at kite.Test_Class.openBrowser(Test_Class.java:28)
at kite.Test_Class.openBrowser(Test_Class.java:28)
at kite.Test_Class.openBrowser(Test_Class.java:28)
at kite.Test_Class.openBrowser(Test_Class.java:28)
at kite.Test_Class.openBrowser(Test_Class.java:28)
at kite.Test_Class.openBrowser(Test_Class.java:28)
at kite.Test_Class.openBrowser(Test_Class.java:28)
at kite.Test_Class.openBrowser(Test_Class.java:28)
at kite.Test_Class.openBrowser(Test_Class.java:28)
at kite.Test_Class.openBrowser(Test_Class.java:28)
at kite.Test_Class.openBrowser(Test_Class.java:28)
at kite.Test_Class.openBrowser(Test_Class.java:28)
at kite.Test_Class.openBrowser(Test_Class.java:28)
at kite.Test_Class.openBrowser(Test_Class.java:28)
at kite.Test_Class.openBrowser(Test_Class.java:28)
at kite.Test_Class.openBrowser(Test_Class.java:28)
at kite.Test_Class.openBrowser(Test_Class.java:28)
at kite.Test_Class.openBrowser(Test_Class.java:28)
at kite.Test_Class.openBrowser(Test_Class.java:28)
at kite.Test_Class.openBrowser(Test_Class.java:28)
at kite.Test_Class.openBrowser(Test_Class.java:28)
at kite.Test_Class.openBrowser(Test_Class.java:28)
at kite.Test_Class.openBrowser(Test_Class.java:28)
at kite.Test_Class.openBrowser(Test_Class.java:28)
at kite.Test_Class.openBrowser(Test_Class.java:28)
at kite.Test_Class.openBrowser(Test_Class.java:28)
at kite.Test_Class.openBrowser(Test_Class.java:28)
at kite.Test_Class.openBrowser(Test_Class.java:28)
at kite.Test_Class.openBrowser(Test_Class.java:28)
at kite.Test_Class.openBrowser(Test_Class.java:28)
at kite.Test_Class.openBrowser(Test_Class.java:28)
at kite.Test_Class.openBrowser(Test_Class.java:28)
at kite.Test_Class.openBrowser(Test_Class.java:28)
at kite.Test_Class.openBrowser(Test_Class.java:28)
at kite.Test_Class.openBrowser(Test_Class.java:28)
at kite.Test_Class.openBrowser(Test_Class.java:28)
at kite.Test_Class.openBrowser(Test_Class.java:28)
at kite.Test_Class.openBrowser(Test_Class.java:28)
at kite.Test_Class.openBrowser(Test_Class.java:28)
at kite.Test_Class.openBrowser(Test_Class.java:28)
at kite.Test_Class.openBrowser(Test_Class.java:28)
at kite.Test_Class.openBrowser(Test_Class.java:28)
at kite.Test_Class.openBrowser(Test_Class.java:28)
at kite.Test_Class.openBrowser(Test_Class.java:28)
at kite.Test_Class.openBrowser(Test_Class.java:28)
at kite.Test_Class.openBrowser(Test_Class.java:28)
at kite.Test_Class.openBrowser(Test_Class.java:28)
at kite.Test_Class.openBrowser(Test_Class.java:28)
at kite.Test_Class.openBrowser(Test_Class.java:28)
at kite.Test_Class.openBrowser(Test_Class.java:28)
at kite.Test_Class.openBrowser(Test_Class.java:28)
at kite.Test_Class.openBrowser(Test_Class.java:28)
at kite.Test_Class.openBrowser(Test_Class.java:28)
at kite.Test_Class.openBrowser(Test_Class.java:28)
at kite.Test_Class.openBrowser(Test_Class.java:28)
at kite.Test_Class.openBrowser(Test_Class.java:28)
at kite.Test_Class.openBrowser(Test_Class.java:28)
at kite.Test_Class.openBrowser(Test_Class.java:28)
at kite.Test_Class.openBrowser(Test_Class.java:28)
at kite.Test_Class.openBrowser(Test_Class.java:28)
at kite.Test_Class.openBrowser(Test_Class.java:28)
at kite.Test_Class.openBrowser(Test_Class.java:28)
at kite.Test_Class.openBrowser(Test_Class.java:28)
at kite.Test_Class.openBrowser(Test_Class.java:28)
at kite.Test_Class.openBrowser(Test_Class.java:28)
at kite.Test_Class.openBrowser(Test_Class.java:28)
at kite.Test_Class.openBrowser(Test_Class.java:28)
at kite.Test_Class.openBrowser(Test_Class.java:28)
at kite.Test_Class.openBrowser(Test_Class.java:28)
at kite.Test_Class.openBrowser(Test_Class.java:28)
at kite.Test_Class.openBrowser(Test_Class.java:28)
at kite.Test_Class.openBrowser(Test_Class.java:28)
at kite.Test_Class.openBrowser(Test_Class.java:28)
at kite.Test_Class.openBrowser(Test_Class.java:28)
at kite.Test_Class.openBrowser(Test_Class.java:28)
at kite.Test_Class.openBrowser(Test_Class.java:28)
at kite.Test_Class.openBrowser(Test_Class.java:28)
at kite.Test_Class.openBrowser(Test_Class.java:28)
at kite.Test_Class.openBrowser(Test_Class.java:28)
at kite.Test_Class.openBrowser(Test_Class.java:28)
at kite.Test_Class.openBrowser(Test_Class.java:28)
at kite.Test_Class.openBrowser(Test_Class.java:28)
at kite.Test_Class.openBrowser(Test_Class.java:28)
at kite.Test_Class.openBrowser(Test_Class.java:28)
at kite.Test_Class.openBrowser(Test_Class.java:28)
at kite.Test_Class.openBrowser(Test_Class.java:28)
at kite.Test_Class.openBrowser(Test_Class.java:28)
at kite.Test_Class.openBrowser(Test_Class.java:28)
at kite.Test_Class.openBrowser(Test_Class.java:28)
at kite.Test_Class.openBrowser(Test_Class.java:28)
at kite.Test_Class.openBrowser(Test_Class.java:28)
at kite.Test_Class.openBrowser(Test_Class.java:28)
at kite.Test_Class.openBrowser(Test_Class.java:28)
at kite.Test_Class.openBrowser(Test_Class.java:28)
at kite.Test_Class.openBrowser(Test_Class.java:28)
at kite.Test_Class.openBrowser(Test_Class.java:28)
at kite.Test_Class.openBrowser(Test_Class.java:28)
at kite.Test_Class.openBrowser(Test_Class.java:28)
at kite.Test_Class.openBrowser(Test_Class.java:28)
at kite.Test_Class.openBrowser(Test_Class.java:28)
at kite.Test_Class.openBrowser(Test_Class.java:28)
at kite.Test_Class.openBrowser(Test_Class.java:28)
at kite.Test_Class.openBrowser(Test_Class.java:28)
at kite.Test_Class.openBrowser(Test_Class.java:28)
at kite.Test_Class.openBrowser(Test_Class.java:28)
at kite.Test_Class.openBrowser(Test_Class.java:28)
at kite.Test_Class.openBrowser(Test_Class.java:28)
at kite.Test_Class.openBrowser(Test_Class.java:28)
at kite.Test_Class.openBrowser(Test_Class.java:28)
at kite.Test_Class.openBrowser(Test_Class.java:28)
at kite.Test_Class.openBrowser(Test_Class.java:28)
at kite.Test_Class.openBrowser(Test_Class.java:28)
at kite.Test_Class.openBrowser(Test_Class.java:28)
at kite.Test_Class.openBrowser(Test_Class.java:28)
at kite.Test_Class.openBrowser(Test_Class.java:28)
at kite.Test_Class.openBrowser(Test_Class.java:28)
at kite.Test_Class.openBrowser(Test_Class.java:28)
at kite.Test_Class.openBrowser(Test_Class.java:28)
at kite.Test_Class.openBrowser(Test_Class.java:28)
at kite.Test_Class.openBrowser(Test_Class.java:28)
at kite.Test_Class.openBrowser(Test_Class.java:28)
at kite.Test_Class.openBrowser(Test_Class.java:28)
at kite.Test_Class.openBrowser(Test_Class.java:28)
at kite.Test_Class.openBrowser(Test_Class.java:28)
at kite.Test_Class.openBrowser(Test_Class.java:28)
at kite.Test_Class.openBrowser(Test_Class.java:28)
at kite.Test_Class.openBrowser(Test_Class.java:28)
at kite.Test_Class.openBrowser(Test_Class.java:28)
at kite.Test_Class.openBrowser(Test_Class.java:28)
at kite.Test_Class.openBrowser(Test_Class.java:28)
at kite.Test_Class.openBrowser(Test_Class.java:28)
at kite.Test_Class.openBrowser(Test_Class.java:28)
at kite.Test_Class.openBrowser(Test_Class.java:28)
at kite.Test_Class.openBrowser(Test_Class.java:28)
at kite.Test_Class.openBrowser(Test_Class.java:28)
at kite.Test_Class.openBrowser(Test_Class.java:28)
at kite.Test_Class.openBrowser(Test_Class.java:28)
at kite.Test_Class.openBrowser(Test_Class.java:28)
at kite.Test_Class.openBrowser(Test_Class.java:28)
at kite.Test_Class.openBrowser(Test_Class.java:28)
at kite.Test_Class.openBrowser(Test_Class.java:28)
at kite.Test_Class.openBrowser(Test_Class.java:28)
at kite.Test_Class.openBrowser(Test_Class.java:28)
at kite.Test_Class.openBrowser(Test_Class.java:28)
at kite.Test_Class.openBrowser(Test_Class.java:28)
at kite.Test_Class.openBrowser(Test_Class.java:28)
at kite.Test_Class.openBrowser(Test_Class.java:28)
at kite.Test_Class.openBrowser(Test_Class.java:28)
at kite.Test_Class.openBrowser(Test_Class.java:28)
at kite.Test_Class.openBrowser(Test_Class.java:28)
at kite.Test_Class.openBrowser(Test_Class.java:28)
at kite.Test_Class.openBrowser(Test_Class.java:28)
at kite.Test_Class.openBrowser(Test_Class.java:28)
at kite.Test_Class.openBrowser(Test_Class.java:28)
at kite.Test_Class.openBrowser(Test_Class.java:28)
at kite.Test_Class.openBrowser(Test_Class.java:28)
at kite.Test_Class.openBrowser(Test_Class.java:28)
at kite.Test_Class.openBrowser(Test_Class.java:28)
at kite.Test_Class.openBrowser(Test_Class.java:28)
at kite.Test_Class.openBrowser(Test_Class.java:28)
at kite.Test_Class.openBrowser(Test_Class.java:28)
at kite.Test_Class.openBrowser(Test_Class.java:28)
at kite.Test_Class.openBrowser(Test_Class.java:28)
at kite.Test_Class.openBrowser(Test_Class.java:28)
at kite.Test_Class.openBrowser(Test_Class.java:28)
at kite.Test_Class.openBrowser(Test_Class.java:28)
at kite.Test_Class.openBrowser(Test_Class.java:28)
at kite.Test_Class.openBrowser(Test_Class.java:28)
at kite.Test_Class.openBrowser(Test_Class.java:28)
at kite.Test_Class.openBrowser(Test_Class.java:28)
at kite.Test_Class.openBrowser(Test_Class.java:28)
at kite.Test_Class.openBrowser(Test_Class.java:28)
at kite.Test_Class.openBrowser(Test_Class.java:28)
at kite.Test_Class.openBrowser(Test_Class.java:28)
at kite.Test_Class.openBrowser(Test_Class.java:28)
at kite.Test_Class.openBrowser(Test_Class.java:28)
at kite.Test_Class.openBrowser(Test_Class.java:28)
at kite.Test_Class.openBrowser(Test_Class.java:28)
at kite.Test_Class.openBrowser(Test_Class.java:28)
at kite.Test_Class.openBrowser(Test_Class.java:28)
at kite.Test_Class.openBrowser(Test_Class.java:28)
at kite.Test_Class.openBrowser(Test_Class.java:28)
at kite.Test_Class.openBrowser(Test_Class.java:28)
at kite.Test_Class.openBrowser(Test_Class.java:28)
at kite.Test_Class.openBrowser(Test_Class.java:28)
at kite.Test_Class.openBrowser(Test_Class.java:28)
at kite.Test_Class.openBrowser(Test_Class.java:28)
at kite.Test_Class.openBrowser(Test_Class.java:28)
at kite.Test_Class.openBrowser(Test_Class.java:28)
at kite.Test_Class.openBrowser(Test_Class.java:28)
at kite.Test_Class.openBrowser(Test_Class.java:28)
at kite.Test_Class.openBrowser(Test_Class.java:28)
at kite.Test_Class.openBrowser(Test_Class.java:28)
at kite.Test_Class.openBrowser(Test_Class.java:28)
at kite.Test_Class.openBrowser(Test_Class.java:28)
at kite.Test_Class.openBrowser(Test_Class.java:28)
at kite.Test_Class.openBrowser(Test_Class.java:28)
at kite.Test_Class.openBrowser(Test_Class.java:28)
at kite.Test_Class.openBrowser(Test_Class.java:28)
at kite.Test_Class.openBrowser(Test_Class.java:28)
at kite.Test_Class.openBrowser(Test_Class.java:28)
at kite.Test_Class.openBrowser(Test_Class.java:28)
at kite.Test_Class.openBrowser(Test_Class.java:28)
at kite.Test_Class.openBrowser(Test_Class.java:28)
at kite.Test_Class.openBrowser(Test_Class.java:28)
at kite.Test_Class.openBrowser(Test_Class.java:28)
at kite.Test_Class.openBrowser(Test_Class.java:28)
at kite.Test_Class.openBrowser(Test_Class.java:28)
at kite.Test_Class.openBrowser(Test_Class.java:28)
at kite.Test_Class.openBrowser(Test_Class.java:28)
at kite.Test_Class.openBrowser(Test_Class.java:28)
at kite.Test_Class.openBrowser(Test_Class.java:28)
at kite.Test_Class.openBrowser(Test_Class.java:28)
at kite.Test_Class.openBrowser(Test_Class.java:28)
at kite.Test_Class.openBrowser(Test_Class.java:28)
at kite.Test_Class.openBrowser(Test_Class.java:28)
at kite.Test_Class.openBrowser(Test_Class.java:28)
at kite.Test_Class.openBrowser(Test_Class.java:28)
at kite.Test_Class.openBrowser(Test_Class.java:28)
at kite.Test_Class.openBrowser(Test_Class.java:28)
at kite.Test_Class.openBrowser(Test_Class.java:28)
at kite.Test_Class.openBrowser(Test_Class.java:28)
at kite.Test_Class.openBrowser(Test_Class.java:28)
at kite.Test_Class.openBrowser(Test_Class.java:28)
at kite.Test_Class.openBrowser(Test_Class.java:28)
at kite.Test_Class.openBrowser(Test_Class.java:28)
at kite.Test_Class.openBrowser(Test_Class.java:28)
at kite.Test_Class.openBrowser(Test_Class.java:28)
at kite.Test_Class.openBrowser(Test_Class.java:28)
at kite.Test_Class.openBrowser(Test_Class.java:28)
at kite.Test_Class.openBrowser(Test_Class.java:28)
at kite.Test_Class.openBrowser(Test_Class.java:28)
at kite.Test_Class.openBrowser(Test_Class.java:28)
at kite.Test_Class.openBrowser(Test_Class.java:28)
at kite.Test_Class.openBrowser(Test_Class.java:28)
at kite.Test_Class.openBrowser(Test_Class.java:28)
at kite.Test_Class.openBrowser(Test_Class.java:28)
at kite.Test_Class.openBrowser(Test_Class.java:28)
at kite.Test_Class.openBrowser(Test_Class.java:28)
at kite.Test_Class.openBrowser(Test_Class.java:28)
at kite.Test_Class.openBrowser(Test_Class.java:28)
at kite.Test_Class.openBrowser(Test_Class.java:28)
at kite.Test_Class.openBrowser(Test_Class.java:28)
at kite.Test_Class.openBrowser(Test_Class.java:28)
at kite.Test_Class.openBrowser(Test_Class.java:28)
at kite.Test_Class.openBrowser(Test_Class.java:28)
at kite.Test_Class.openBrowser(Test_Class.java:28)
at kite.Test_Class.openBrowser(Test_Class.java:28)
at kite.Test_Class.openBrowser(Test_Class.java:28)
at kite.Test_Class.openBrowser(Test_Class.java:28)
at kite.Test_Class.openBrowser(Test_Class.java:28)
at kite.Test_Class.openBrowser(Test_Class.java:28)
at kite.Test_Class.openBrowser(Test_Class.java:28)
at kite.Test_Class.openBrowser(Test_Class.java:28)
at kite.Test_Class.openBrowser(Test_Class.java:28)
at kite.Test_Class.openBrowser(Test_Class.java:28)
at kite.Test_Class.openBrowser(Test_Class.java:28)
at kite.Test_Class.openBrowser(Test_Class.java:28)
at kite.Test_Class.openBrowser(Test_Class.java:28)
at kite.Test_Class.openBrowser(Test_Class.java:28)
at kite.Test_Class.openBrowser(Test_Class.java:28)
at kite.Test_Class.openBrowser(Test_Class.java:28)
at kite.Test_Class.openBrowser(Test_Class.java:28)
at kite.Test_Class.openBrowser(Test_Class.java:28)
at kite.Test_Class.openBrowser(Test_Class.java:28)
at kite.Test_Class.openBrowser(Test_Class.java:28)
at kite.Test_Class.openBrowser(Test_Class.java:28)
at kite.Test_Class.openBrowser(Test_Class.java:28)
at kite.Test_Class.openBrowser(Test_Class.java:28)
at kite.Test_Class.openBrowser(Test_Class.java:28)
at kite.Test_Class.openBrowser(Test_Class.java:28)
at kite.Test_Class.openBrowser(Test_Class.java:28)
at kite.Test_Class.openBrowser(Test_Class.java:28)
at kite.Test_Class.openBrowser(Test_Class.java:28)
at kite.Test_Class.openBrowser(Test_Class.java:28)
at kite.Test_Class.openBrowser(Test_Class.java:28)
at kite.Test_Class.openBrowser(Test_Class.java:28)
at kite.Test_Class.openBrowser(Test_Class.java:28)
at kite.Test_Class.openBrowser(Test_Class.java:28)
at kite.Test_Class.openBrowser(Test_Class.java:28)
at kite.Test_Class.openBrowser(Test_Class.java:28)
at kite.Test_Class.openBrowser(Test_Class.java:28)
at kite.Test_Class.openBrowser(Test_Class.java:28)
at kite.Test_Class.openBrowser(Test_Class.java:28)
at kite.Test_Class.openBrowser(Test_Class.java:28)
at kite.Test_Class.openBrowser(Test_Class.java:28)
at kite.Test_Class.openBrowser(Test_Class.java:28)
at kite.Test_Class.openBrowser(Test_Class.java:28)
at kite.Test_Class.openBrowser(Test_Class.java:28)
at kite.Test_Class.openBrowser(Test_Class.java:28)
at kite.Test_Class.openBrowser(Test_Class.java:28)
at kite.Test_Class.openBrowser(Test_Class.java:28)
at kite.Test_Class.openBrowser(Test_Class.java:28)
at kite.Test_Class.openBrowser(Test_Class.java:28)
at kite.Test_Class.openBrowser(Test_Class.java:28)
at kite.Test_Class.openBrowser(Test_Class.java:28)
at kite.Test_Class.openBrowser(Test_Class.java:28)
at kite.Test_Class.openBrowser(Test_Class.java:28)
at kite.Test_Class.openBrowser(Test_Class.java:28)
at kite.Test_Class.openBrowser(Test_Class.java:28)
at kite.Test_Class.openBrowser(Test_Class.java:28)
at kite.Test_Class.openBrowser(Test_Class.java:28)
at kite.Test_Class.openBrowser(Test_Class.java:28)
at kite.Test_Class.openBrowser(Test_Class.java:28)
at kite.Test_Class.openBrowser(Test_Class.java:28)
at kite.Test_Class.openBrowser(Test_Class.java:28)
at kite.Test_Class.openBrowser(Test_Class.java:28)
at kite.Test_Class.openBrowser(Test_Class.java:28)
at kite.Test_Class.openBrowser(Test_Class.java:28)
at kite.Test_Class.openBrowser(Test_Class.java:28)
at kite.Test_Class.openBrowser(Test_Class.java:28)
at kite.Test_Class.openBrowser(Test_Class.java:28)
at kite.Test_Class.openBrowser(Test_Class.java:28)
at kite.Test_Class.openBrowser(Test_Class.java:28)
at kite.Test_Class.openBrowser(Test_Class.java:28)
at kite.Test_Class.openBrowser(Test_Class.java:28)
at kite.Test_Class.openBrowser(Test_Class.java:28)
at kite.Test_Class.openBrowser(Test_Class.java:28)
at kite.Test_Class.openBrowser(Test_Class.java:28)
at kite.Test_Class.openBrowser(Test_Class.java:28)
at kite.Test_Class.openBrowser(Test_Class.java:28)
at kite.Test_Class.openBrowser(Test_Class.java:28)
at kite.Test_Class.openBrowser(Test_Class.java:28)
at kite.Test_Class.openBrowser(Test_Class.java:28)
at kite.Test_Class.openBrowser(Test_Class.java:28)
at kite.Test_Class.openBrowser(Test_Class.java:28)
at kite.Test_Class.openBrowser(Test_Class.java:28)
at kite.Test_Class.openBrowser(Test_Class.java:28)
at kite.Test_Class.openBrowser(Test_Class.java:28)
at kite.Test_Class.openBrowser(Test_Class.java:28)
at kite.Test_Class.openBrowser(Test_Class.java:28)
at kite.Test_Class.openBrowser(Test_Class.java:28)
at kite.Test_Class.openBrowser(Test_Class.java:28)
at kite.Test_Class.openBrowser(Test_Class.java:28)
at kite.Test_Class.openBrowser(Test_Class.java:28)
at kite.Test_Class.openBrowser(Test_Class.java:28)
at kite.Test_Class.openBrowser(Test_Class.java:28)
at kite.Test_Class.openBrowser(Test_Class.java:28)
at kite.Test_Class.openBrowser(Test_Class.java:28)
at kite.Test_Class.openBrowser(Test_Class.java:28)
at kite.Test_Class.openBrowser(Test_Class.java:28)
at kite.Test_Class.openBrowser(Test_Class.java:28)
at kite.Test_Class.openBrowser(Test_Class.java:28)
at kite.Test_Class.openBrowser(Test_Class.java:28)
at kite.Test_Class.openBrowser(Test_Class.java:28)
at kite.Test_Class.openBrowser(Test_Class.java:28)
at kite.Test_Class.openBrowser(Test_Class.java:28)
at kite.Test_Class.openBrowser(Test_Class.java:28)
at kite.Test_Class.openBrowser(Test_Class.java:28)
at kite.Test_Class.openBrowser(Test_Class.java:28)
at kite.Test_Class.openBrowser(Test_Class.java:28)
at kite.Test_Class.openBrowser(Test_Class.java:28)
at kite.Test_Class.openBrowser(Test_Class.java:28)
at kite.Test_Class.openBrowser(Test_Class.java:28)
at kite.Test_Class.openBrowser(Test_Class.java:28)
at kite.Test_Class.openBrowser(Test_Class.java:28)
at kite.Test_Class.openBrowser(Test_Class.java:28)
at kite.Test_Class.openBrowser(Test_Class.java:28)
at kite.Test_Class.openBrowser(Test_Class.java:28)
at kite.Test_Class.openBrowser(Test_Class.java:28)
at kite.Test_Class.openBrowser(Test_Class.java:28)
at kite.Test_Class.openBrowser(Test_Class.java:28)
at kite.Test_Class.openBrowser(Test_Class.java:28)
at kite.Test_Class.openBrowser(Test_Class.java:28)
at kite.Test_Class.openBrowser(Test_Class.java:28)
at kite.Test_Class.openBrowser(Test_Class.java:28)
at kite.Test_Class.openBrowser(Test_Class.java:28)
at kite.Test_Class.openBrowser(Test_Class.java:28)
at kite.Test_Class.openBrowser(Test_Class.java:28)
at kite.Test_Class.openBrowser(Test_Class.java:28)
at kite.Test_Class.openBrowser(Test_Class.java:28)
at kite.Test_Class.openBrowser(Test_Class.java:28)
at kite.Test_Class.openBrowser(Test_Class.java:28)
at kite.Test_Class.openBrowser(Test_Class.java:28)
at kite.Test_Class.openBrowser(Test_Class.java:28)
at kite.Test_Class.openBrowser(Test_Class.java:28)
at kite.Test_Class.openBrowser(Test_Class.java:28)
at kite.Test_Class.openBrowser(Test_Class.java:28)
at kite.Test_Class.openBrowser(Test_Class.java:28)
at kite.Test_Class.openBrowser(Test_Class.java:28)
at kite.Test_Class.openBrowser(Test_Class.java:28)
at kite.Test_Class.openBrowser(Test_Class.java:28)
at kite.Test_Class.openBrowser(Test_Class.java:28)
at kite.Test_Class.openBrowser(Test_Class.java:28)
at kite.Test_Class.openBrowser(Test_Class.java:28)
at kite.Test_Class.openBrowser(Test_Class.java:28)
at kite.Test_Class.openBrowser(Test_Class.java:28)
at kite.Test_Class.openBrowser(Test_Class.java:28)
at kite.Test_Class.openBrowser(Test_Class.java:28)
at kite.Test_Class.openBrowser(Test_Class.java:28)
at kite.Test_Class.openBrowser(Test_Class.java:28)
at kite.Test_Class.openBrowser(Test_Class.java:28)
at kite.Test_Class.openBrowser(Test_Class.java:28)
at kite.Test_Class.openBrowser(Test_Class.java:28)
at kite.Test_Class.openBrowser(Test_Class.java:28)
at kite.Test_Class.openBrowser(Test_Class.java:28)
at kite.Test_Class.openBrowser(Test_Class.java:28)
at kite.Test_Class.openBrowser(Test_Class.java:28)
at kite.Test_Class.openBrowser(Test_Class.java:28)
at kite.Test_Class.openBrowser(Test_Class.java:28)
at kite.Test_Class.openBrowser(Test_Class.java:28)
at kite.Test_Class.openBrowser(Test_Class.java:28)
at kite.Test_Class.openBrowser(Test_Class.java:28)
at kite.Test_Class.openBrowser(Test_Class.java:28)
at kite.Test_Class.openBrowser(Test_Class.java:28)
at kite.Test_Class.openBrowser(Test_Class.java:28)
at kite.Test_Class.openBrowser(Test_Class.java:28)
at kite.Test_Class.openBrowser(Test_Class.java:28)
at kite.Test_Class.openBrowser(Test_Class.java:28)
at kite.Test_Class.openBrowser(Test_Class.java:28)
at kite.Test_Class.openBrowser(Test_Class.java:28)
at kite.Test_Class.openBrowser(Test_Class.java:28)
at kite.Test_Class.openBrowser(Test_Class.java:28)
at kite.Test_Class.openBrowser(Test_Class.java:28)
at kite.Test_Class.openBrowser(Test_Class.java:28)
at kite.Test_Class.openBrowser(Test_Class.java:28)
at kite.Test_Class.openBrowser(Test_Class.java:28)
at kite.Test_Class.openBrowser(Test_Class.java:28)
at kite.Test_Class.openBrowser(Test_Class.java:28)
at kite.Test_Class.openBrowser(Test_Class.java:28)
at kite.Test_Class.openBrowser(Test_Class.java:28)
at kite.Test_Class.openBrowser(Test_Class.java:28)
at kite.Test_Class.openBrowser(Test_Class.java:28)
at kite.Test_Class.openBrowser(Test_Class.java:28)
at kite.Test_Class.openBrowser(Test_Class.java:28)
at kite.Test_Class.openBrowser(Test_Class.java:28)
at kite.Test_Class.openBrowser(Test_Class.java:28)
at kite.Test_Class.openBrowser(Test_Class.java:28)
at kite.Test_Class.openBrowser(Test_Class.java:28)
at kite.Test_Class.openBrowser(Test_Class.java:28)
at kite.Test_Class.openBrowser(Test_Class.java:28)
at kite.Test_Class.openBrowser(Test_Class.java:28)
at kite.Test_Class.openBrowser(Test_Class.java:28)
at kite.Test_Class.openBrowser(Test_Class.java:28)
at kite.Test_Class.openBrowser(Test_Class.java:28)
at kite.Test_Class.openBrowser(Test_Class.java:28)
at kite.Test_Class.openBrowser(Test_Class.java:28)
at kite.Test_Class.openBrowser(Test_Class.java:28)
at kite.Test_Class.openBrowser(Test_Class.java:28)
at kite.Test_Class.openBrowser(Test_Class.java:28)
at kite.Test_Class.openBrowser(Test_Class.java:28)
at kite.Test_Class.openBrowser(Test_Class.java:28)
at kite.Test_Class.openBrowser(Test_Class.java:28)
at kite.Test_Class.openBrowser(Test_Class.java:28)
at kite.Test_Class.openBrowser(Test_Class.java:28)
at kite.Test_Class.openBrowser(Test_Class.java:28)
at kite.Test_Class.openBrowser(Test_Class.java:28)
at kite.Test_Class.openBrowser(Test_Class.java:28)
at kite.Test_Class.openBrowser(Test_Class.java:28)
at kite.Test_Class.openBrowser(Test_Class.java:28)
at kite.Test_Class.openBrowser(Test_Class.java:28)
at kite.Test_Class.openBrowser(Test_Class.java:28)
at kite.Test_Class.openBrowser(Test_Class.java:28)
at kite.Test_Class.openBrowser(Test_Class.java:28)
at kite.Test_Class.openBrowser(Test_Class.java:28)
at kite.Test_Class.openBrowser(Test_Class.java:28)
at kite.Test_Class.openBrowser(Test_Class.java:28)
at kite.Test_Class.openBrowser(Test_Class.java:28)
at kite.Test_Class.openBrowser(Test_Class.java:28)
at kite.Test_Class.openBrowser(Test_Class.java:28)
at kite.Test_Class.openBrowser(Test_Class.java:28)
at kite.Test_Class.openBrowser(Test_Class.java:28)
at kite.Test_Class.openBrowser(Test_Class.java:28)
at kite.Test_Class.openBrowser(Test_Class.java:28)
at kite.Test_Class.openBrowser(Test_Class.java:28)
at kite.Test_Class.openBrowser(Test_Class.java:28)
at kite.Test_Class.openBrowser(Test_Class.java:28)
at kite.Test_Class.openBrowser(Test_Class.java:28)
at kite.Test_Class.openBrowser(Test_Class.java:28)
at kite.Test_Class.openBrowser(Test_Class.java:28)
at kite.Test_Class.openBrowser(Test_Class.java:28)
at kite.Test_Class.openBrowser(Test_Class.java:28)
at kite.Test_Class.openBrowser(Test_Class.java:28)
at kite.Test_Class.openBrowser(Test_Class.java:28)
at kite.Test_Class.openBrowser(Test_Class.java:28)
at kite.Test_Class.openBrowser(Test_Class.java:28)
at kite.Test_Class.openBrowser(Test_Class.java:28)
at kite.Test_Class.openBrowser(Test_Class.java:28)
at kite.Test_Class.openBrowser(Test_Class.java:28)
at kite.Test_Class.openBrowser(Test_Class.java:28)
at kite.Test_Class.openBrowser(Test_Class.java:28)
at kite.Test_Class.openBrowser(Test_Class.java:28)
at kite.Test_Class.openBrowser(Test_Class.java:28)
at kite.Test_Class.openBrowser(Test_Class.java:28)
at kite.Test_Class.openBrowser(Test_Class.java:28)
at kite.Test_Class.openBrowser(Test_Class.java:28)
at kite.Test_Class.openBrowser(Test_Class.java:28)
at kite.Test_Class.openBrowser(Test_Class.java:28)
at kite.Test_Class.openBrowser(Test_Class.java:28)
at kite.Test_Class.openBrowser(Test_Class.java:28)
at kite.Test_Class.openBrowser(Test_Class.java:28)
at kite.Test_Class.openBrowser(Test_Class.java:28)
at kite.Test_Class.openBrowser(Test_Class.java:28)
at kite.Test_Class.openBrowser(Test_Class.java:28)
at kite.Test_Class.openBrowser(Test_Class.java:28)
at kite.Test_Class.openBrowser(Test_Class.java:28)
at kite.Test_Class.openBrowser(Test_Class.java:28)
at kite.Test_Class.openBrowser(Test_Class.java:28)
at kite.Test_Class.openBrowser(Test_Class.java:28)
at kite.Test_Class.openBrowser(Test_Class.java:28)
at kite.Test_Class.openBrowser(Test_Class.java:28)
at kite.Test_Class.openBrowser(Test_Class.java:28)
at kite.Test_Class.openBrowser(Test_Class.java:28)
at kite.Test_Class.openBrowser(Test_Class.java:28)
at kite.Test_Class.openBrowser(Test_Class.java:28)
at kite.Test_Class.openBrowser(Test_Class.java:28)
at kite.Test_Class.openBrowser(Test_Class.java:28)
at kite.Test_Class.openBrowser(Test_Class.java:28)
at kite.Test_Class.openBrowser(Test_Class.java:28)
at kite.Test_Class.openBrowser(Test_Class.java:28)
at kite.Test_Class.openBrowser(Test_Class.java:28)
at kite.Test_Class.openBrowser(Test_Class.java:28)
at kite.Test_Class.openBrowser(Test_Class.java:28)
at kite.Test_Class.openBrowser(Test_Class.java:28)
at kite.Test_Class.openBrowser(Test_Class.java:28)
at kite.Test_Class.openBrowser(Test_Class.java:28)
at kite.Test_Class.openBrowser(Test_Class.java:28)
at kite.Test_Class.openBrowser(Test_Class.java:28)
at kite.Test_Class.openBrowser(Test_Class.java:28)
at kite.Test_Class.openBrowser(Test_Class.java:28)
at kite.Test_Class.openBrowser(Test_Class.java:28)
at kite.Test_Class.openBrowser(Test_Class.java:28)
at kite.Test_Class.openBrowser(Test_Class.java:28)
at kite.Test_Class.openBrowser(Test_Class.java:28)
at kite.Test_Class.openBrowser(Test_Class.java:28)
at kite.Test_Class.openBrowser(Test_Class.java:28)
at kite.Test_Class.openBrowser(Test_Class.java:28)
at kite.Test_Class.openBrowser(Test_Class.java:28)
at kite.Test_Class.openBrowser(Test_Class.java:28)
at kite.Test_Class.openBrowser(Test_Class.java:28)
at kite.Test_Class.openBrowser(Test_Class.java:28)
at kite.Test_Class.openBrowser(Test_Class.java:28)
at kite.Test_Class.openBrowser(Test_Class.java:28)
at kite.Test_Class.openBrowser(Test_Class.java:28)
at kite.Test_Class.openBrowser(Test_Class.java:28)
at kite.Test_Class.openBrowser(Test_Class.java:28)
at kite.Test_Class.openBrowser(Test_Class.java:28)
at kite.Test_Class.openBrowser(Test_Class.java:28)
at kite.Test_Class.openBrowser(Test_Class.java:28)
at kite.Test_Class.openBrowser(Test_Class.java:28)
at kite.Test_Class.openBrowser(Test_Class.java:28)
at kite.Test_Class.openBrowser(Test_Class.java:28)
at kite.Test_Class.openBrowser(Test_Class.java:28)
at kite.Test_Class.openBrowser(Test_Class.java:28)
at kite.Test_Class.openBrowser(Test_Class.java:28)
at kite.Test_Class.openBrowser(Test_Class.java:28)
at kite.Test_Class.openBrowser(Test_Class.java:28)
at kite.Test_Class.openBrowser(Test_Class.java:28)
at kite.Test_Class.openBrowser(Test_Class.java:28)
at kite.Test_Class.openBrowser(Test_Class.java:28)
at kite.Test_Class.openBrowser(Test_Class.java:28)
at kite.Test_Class.openBrowser(Test_Class.java:28)
at kite.Test_Class.openBrowser(Test_Class.java:28)
at kite.Test_Class.openBrowser(Test_Class.java:28)
at kite.Test_Class.openBrowser(Test_Class.java:28)
at kite.Test_Class.openBrowser(Test_Class.java:28)
at kite.Test_Class.openBrowser(Test_Class.java:28)
at kite.Test_Class.openBrowser(Test_Class.java:28)
at kite.Test_Class.openBrowser(Test_Class.java:28)
at kite.Test_Class.openBrowser(Test_Class.java:28)
at kite.Test_Class.openBrowser(Test_Class.java:28)
at kite.Test_Class.openBrowser(Test_Class.java:28)
at kite.Test_Class.openBrowser(Test_Class.java:28)
at kite.Test_Class.openBrowser(Test_Class.java:28)
at kite.Test_Class.openBrowser(Test_Class.java:28)
at kite.Test_Class.openBrowser(Test_Class.java:28)
at kite.Test_Class.openBrowser(Test_Class.java:28)
at kite.Test_Class.openBrowser(Test_Class.java:28)
at kite.Test_Class.openBrowser(Test_Class.java:28)
at kite.Test_Class.openBrowser(Test_Class.java:28)
at kite.Test_Class.openBrowser(Test_Class.java:28)
at kite.Test_Class.openBrowser(Test_Class.java:28)
at kite.Test_Class.openBrowser(Test_Class.java:28)
at kite.Test_Class.openBrowser(Test_Class.java:28)
at kite.Test_Class.openBrowser(Test_Class.java:28)
at kite.Test_Class.openBrowser(Test_Class.java:28)
at kite.Test_Class.openBrowser(Test_Class.java:28)
at kite.Test_Class.openBrowser(Test_Class.java:28)
at kite.Test_Class.openBrowser(Test_Class.java:28)
at kite.Test_Class.openBrowser(Test_Class.java:28)
at kite.Test_Class.openBrowser(Test_Class.java:28)
at kite.Test_Class.openBrowser(Test_Class.java:28)
at kite.Test_Class.openBrowser(Test_Class.java:28)
at kite.Test_Class.openBrowser(Test_Class.java:28)
at kite.Test_Class.openBrowser(Test_Class.java:28)
at kite.Test_Class.openBrowser(Test_Class.java:28)
at kite.Test_Class.openBrowser(Test_Class.java:28)
at kite.Test_Class.openBrowser(Test_Class.java:28)
at kite.Test_Class.openBrowser(Test_Class.java:28)
at kite.Test_Class.openBrowser(Test_Class.java:28)
at kite.Test_Class.openBrowser(Test_Class.java:28)
at kite.Test_Class.openBrowser(Test_Class.java:28)
at kite.Test_Class.openBrowser(Test_Class.java:28)
at kite.Test_Class.openBrowser(Test_Class.java:28)
at kite.Test_Class.openBrowser(Test_Class.java:28)
at kite.Test_Class.openBrowser(Test_Class.java:28)
at kite.Test_Class.openBrowser(Test_Class.java:28)
at kite.Test_Class.openBrowser(Test_Class.java:28)
at kite.Test_Class.openBrowser(Test_Class.java:28)
at kite.Test_Class.openBrowser(Test_Class.java:28)
at kite.Test_Class.openBrowser(Test_Class.java:28)
at kite.Test_Class.openBrowser(Test_Class.java:28)
at kite.Test_Class.openBrowser(Test_Class.java:28)
at kite.Test_Class.openBrowser(Test_Class.java:28)
at kite.Test_Class.openBrowser(Test_Class.java:28)
at kite.Test_Class.openBrowser(Test_Class.java:28)
at kite.Test_Class.openBrowser(Test_Class.java:28)
at kite.Test_Class.openBrowser(Test_Class.java:28)
at kite.Test_Class.openBrowser(Test_Class.java:28)
at kite.Test_Class.openBrowser(Test_Class.java:28)
at kite.Test_Class.openBrowser(Test_Class.java:28)
at kite.Test_Class.openBrowser(Test_Class.java:28)
at kite.Test_Class.openBrowser(Test_Class.java:28)
at kite.Test_Class.openBrowser(Test_Class.java:28)
at kite.Test_Class.openBrowser(Test_Class.java:28)
at kite.Test_Class.openBrowser(Test_Class.java:28)
at kite.Test_Class.openBrowser(Test_Class.java:28)
at kite.Test_Class.openBrowser(Test_Class.java:28)
at kite.Test_Class.openBrowser(Test_Class.java:28)
at kite.Test_Class.openBrowser(Test_Class.java:28)
at kite.Test_Class.openBrowser(Test_Class.java:28)
at kite.Test_Class.openBrowser(Test_Class.java:28)
at kite.Test_Class.openBrowser(Test_Class.java:28)
at kite.Test_Class.openBrowser(Test_Class.java:28)
at kite.Test_Class.openBrowser(Test_Class.java:28)
at kite.Test_Class.openBrowser(Test_Class.java:28)
at kite.Test_Class.openBrowser(Test_Class.java:28)
at kite.Test_Class.openBrowser(Test_Class.java:28)
at kite.Test_Class.openBrowser(Test_Class.java:28)
at kite.Test_Class.openBrowser(Test_Class.java:28)
at kite.Test_Class.openBrowser(Test_Class.java:28)
at kite.Test_Class.openBrowser(Test_Class.java:28)
at kite.Test_Class.openBrowser(Test_Class.java:28)
at kite.Test_Class.openBrowser(Test_Class.java:28)
at kite.Test_Class.openBrowser(Test_Class.java:28)
at kite.Test_Class.openBrowser(Test_Class.java:28)
at kite.Test_Class.openBrowser(Test_Class.java:28)
at kite.Test_Class.openBrowser(Test_Class.java:28)
at kite.Test_Class.openBrowser(Test_Class.java:28)
at kite.Test_Class.openBrowser(Test_Class.java:28)
at kite.Test_Class.openBrowser(Test_Class.java:28)
at kite.Test_Class.openBrowser(Test_Class.java:28)
at kite.Test_Class.openBrowser(Test_Class.java:28)
at kite.Test_Class.openBrowser(Test_Class.java:28)
at kite.Test_Class.openBrowser(Test_Class.java:28)
at kite.Test_Class.openBrowser(Test_Class.java:28)
at kite.Test_Class.openBrowser(Test_Class.java:28)
at kite.Test_Class.openBrowser(Test_Class.java:28)
at kite.Test_Class.openBrowser(Test_Class.java:28)
at kite.Test_Class.openBrowser(Test_Class.java:28)
at kite.Test_Class.openBrowser(Test_Class.java:28)
at kite.Test_Class.openBrowser(Test_Class.java:28)
at kite.Test_Class.openBrowser(Test_Class.java:28)
at kite.Test_Class.openBrowser(Test_Class.java:28)
at kite.Test_Class.openBrowser(Test_Class.java:28)
at kite.Test_Class.openBrowser(Test_Class.java:28)
at kite.Test_Class.openBrowser(Test_Class.java:28)
at kite.Test_Class.openBrowser(Test_Class.java:28)
at kite.Test_Class.openBrowser(Test_Class.java:28)
at kite.Test_Class.openBrowser(Test_Class.java:28)
at kite.Test_Class.openBrowser(Test_Class.java:28)
at kite.Test_Class.openBrowser(Test_Class.java:28)
at kite.Test_Class.openBrowser(Test_Class.java:28)
at kite.Test_Class.openBrowser(Test_Class.java:28)
at kite.Test_Class.openBrowser(Test_Class.java:28)
at kite.Test_Class.openBrowser(Test_Class.java:28)
at kite.Test_Class.openBrowser(Test_Class.java:28)
at kite.Test_Class.openBrowser(Test_Class.java:28)
at kite.Test_Class.openBrowser(Test_Class.java:28)
at kite.Test_Class.openBrowser(Test_Class.java:28)
at kite.Test_Class.openBrowser(Test_Class.java:28)
at kite.Test_Class.openBrowser(Test_Class.java:28)
at kite.Test_Class.openBrowser(Test_Class.java:28)
at kite.Test_Class.openBrowser(Test_Class.java:28)
at kite.Test_Class.openBrowser(Test_Class.java:28)
at kite.Test_Class.openBrowser(Test_Class.java:28)
at kite.Test_Class.openBrowser(Test_Class.java:28)
at kite.Test_Class.openBrowser(Test_Class.java:28)
at kite.Test_Class.openBrowser(Test_Class.java:28)
at kite.Test_Class.openBrowser(Test_Class.java:28)
at kite.Test_Class.openBrowser(Test_Class.java:28)
at kite.Test_Class.openBrowser(Test_Class.java:28)
at kite.Test_Class.openBrowser(Test_Class.java:28)
at kite.Test_Class.openBrowser(Test_Class.java:28)
at kite.Test_Class.openBrowser(Test_Class.java:28)
at kite.Test_Class.openBrowser(Test_Class.java:28)
at kite.Test_Class.openBrowser(Test_Class.java:28)
at kite.Test_Class.openBrowser(Test_Class.java:28)
at kite.Test_Class.openBrowser(Test_Class.java:28)
at kite.Test_Class.openBrowser(Test_Class.java:28)
at kite.Test_Class.openBrowser(Test_Class.java:28)
at kite.Test_Class.openBrowser(Test_Class.java:28)
at kite.Test_Class.openBrowser(Test_Class.java:28)
at kite.Test_Class.openBrowser(Test_Class.java:28)
at kite.Test_Class.openBrowser(Test_Class.java:28)
at kite.Test_Class.openBrowser(Test_Class.java:28)
at kite.Test_Class.openBrowser(Test_Class.java:28)
at kite.Test_Class.openBrowser(Test_Class.java:28)
at kite.Test_Class.openBrowser(Test_Class.java:28)
at kite.Test_Class.openBrowser(Test_Class.java:28)
at kite.Test_Class.openBrowser(Test_Class.java:28)
at kite.Test_Class.openBrowser(Test_Class.java:28)
at kite.Test_Class.openBrowser(Test_Class.java:28)
at kite.Test_Class.openBrowser(Test_Class.java:28)
at kite.Test_Class.openBrowser(Test_Class.java:28)
at kite.Test_Class.openBrowser(Test_Class.java:28)
at kite.Test_Class.openBrowser(Test_Class.java:28)
at kite.Test_Class.openBrowser(Test_Class.java:28)
at kite.Test_Class.openBrowser(Test_Class.java:28)
at kite.Test_Class.openBrowser(Test_Class.java:28)
at kite.Test_Class.openBrowser(Test_Class.java:28)
at kite.Test_Class.openBrowser(Test_Class.java:28)
at kite.Test_Class.openBrowser(Test_Class.java:28)
at kite.Test_Class.openBrowser(Test_Class.java:28)
at kite.Test_Class.openBrowser(Test_Class.java:28)
at kite.Test_Class.openBrowser(Test_Class.java:28)
at kite.Test_Class.openBrowser(Test_Class.java:28)
at kite.Test_Class.openBrowser(Test_Class.java:28)
at kite.Test_Class.openBrowser(Test_Class.java:28)
at kite.Test_Class.openBrowser(Test_Class.java:28)
at kite.Test_Class.openBrowser(Test_Class.java:28)
]]>
    </error>
  </testcase> <!-- openBrowser -->
  <system-out/>
</testsuite> <!-- kite.Test_Class -->
